\BOOKMARK [0][-]{chapter*.1}{Abstract}{}% 1
\BOOKMARK [0][-]{chapter*.2}{Preface}{}% 2
\BOOKMARK [0][-]{chapter*.3}{Table of Contents}{}% 3
\BOOKMARK [0][-]{chapter*.4}{List of Tables}{}% 4
\BOOKMARK [0][-]{chapter*.5}{List of Figures}{}% 5
\BOOKMARK [0][-]{chapter*.6}{Glossary}{}% 6
\BOOKMARK [0][-]{chapter*.7}{Acknowledgments}{}% 7
\BOOKMARK [0][-]{chapter.1}{1 Introduction}{}% 8
\BOOKMARK [1][-]{section.1.1}{1.1 What problems}{chapter.1}% 9
\BOOKMARK [1][-]{section.1.2}{1.2 Difficulties with said problems }{chapter.1}% 10
\BOOKMARK [1][-]{section.1.3}{1.3 Solutions to said difficulties}{chapter.1}% 11
\BOOKMARK [2][-]{subsection.1.3.1}{1.3.1 \040coefficients}{section.1.3}% 12
\BOOKMARK [2][-]{subsection.1.3.2}{1.3.2 Reference Models}{section.1.3}% 13
\BOOKMARK [2][-]{subsection.1.3.3}{1.3.3 Weighting matrices}{section.1.3}% 14
\BOOKMARK [2][-]{subsection.1.3.4}{1.3.4 Initial Model}{section.1.3}% 15
\BOOKMARK [2][-]{subsection.1.3.5}{1.3.5 Bounds}{section.1.3}% 16
\BOOKMARK [2][-]{subsection.1.3.6}{1.3.6 Lp Lq weights}{section.1.3}% 17
\BOOKMARK [1][-]{section.1.4}{1.4 Forms of A Priori Information}{chapter.1}% 18
\BOOKMARK [2][-]{subsection.1.4.1}{1.4.1 Data}{section.1.4}% 19
\BOOKMARK [0][-]{chapter.2}{2 Case Study \0431 El Poma South}{}% 20
\BOOKMARK [1][-]{section.2.1}{2.1 General Overview of El Poma}{chapter.2}% 21
\BOOKMARK [1][-]{section.2.2}{2.2 Overview of Deposits}{chapter.2}% 22
\BOOKMARK [1][-]{section.2.3}{2.3 Discussion of the Geophysical Data Given}{chapter.2}% 23
\BOOKMARK [1][-]{section.2.4}{2.4 What Information is Available}{chapter.2}% 24
\BOOKMARK [1][-]{section.2.5}{2.5 Synthetic Model}{chapter.2}% 25
\BOOKMARK [1][-]{section.2.6}{2.6 Blind Inversion of the Synthetic Model}{chapter.2}% 26
\BOOKMARK [1][-]{section.2.7}{2.7 Determination of Magnetization Dirrection}{chapter.2}% 27
\BOOKMARK [1][-]{section.2.8}{2.8 Creation of Constraints}{chapter.2}% 28
\BOOKMARK [2][-]{subsection.2.8.1}{2.8.1 \040coefficients}{section.2.8}% 29
\BOOKMARK [2][-]{subsection.2.8.2}{2.8.2 Reference Models}{section.2.8}% 30
\BOOKMARK [2][-]{subsection.2.8.3}{2.8.3 Weighting matrices}{section.2.8}% 31
\BOOKMARK [2][-]{subsection.2.8.4}{2.8.4 Bounds}{section.2.8}% 32
\BOOKMARK [2][-]{subsection.2.8.5}{2.8.5 Lp Lq weights}{section.2.8}% 33
\BOOKMARK [0][-]{chapter.3}{3 Case Study \0432 El Poma North}{}% 34
\BOOKMARK [1][-]{section.3.1}{3.1 Overview of Deposits}{chapter.3}% 35
\BOOKMARK [1][-]{section.3.2}{3.2 Discussion of the Geophysical Data Given}{chapter.3}% 36
\BOOKMARK [1][-]{section.3.3}{3.3 What Information is Available}{chapter.3}% 37
\BOOKMARK [1][-]{section.3.4}{3.4 Synthetic Model}{chapter.3}% 38
\BOOKMARK [1][-]{section.3.5}{3.5 Blind Inversion of the Synthetic Model}{chapter.3}% 39
\BOOKMARK [1][-]{section.3.6}{3.6 Determination of Magnetization Dirrection}{chapter.3}% 40
\BOOKMARK [1][-]{section.3.7}{3.7 Creation of Constraints}{chapter.3}% 41
\BOOKMARK [2][-]{subsection.3.7.1}{3.7.1 \040coefficients}{section.3.7}% 42
\BOOKMARK [2][-]{subsection.3.7.2}{3.7.2 Reference Models}{section.3.7}% 43
\BOOKMARK [2][-]{subsection.3.7.3}{3.7.3 Weighting matrices}{section.3.7}% 44
\BOOKMARK [2][-]{subsection.3.7.4}{3.7.4 Bounds}{section.3.7}% 45
\BOOKMARK [2][-]{subsection.3.7.5}{3.7.5 Lp Lq weights}{section.3.7}% 46
\BOOKMARK [0][-]{chapter.4}{4 Case Study \0433 TKC}{}% 47
\BOOKMARK [1][-]{section.4.1}{4.1 Overview of Deposits}{chapter.4}% 48
\BOOKMARK [1][-]{section.4.2}{4.2 Discussion of the Geophysical Data Given}{chapter.4}% 49
\BOOKMARK [1][-]{section.4.3}{4.3 What Information is Available}{chapter.4}% 50
\BOOKMARK [1][-]{section.4.4}{4.4 Synthetic Model}{chapter.4}% 51
\BOOKMARK [1][-]{section.4.5}{4.5 Blind Inversion of the Synthetic Model}{chapter.4}% 52
\BOOKMARK [1][-]{section.4.6}{4.6 Determination of Magnetization Dirrection}{chapter.4}% 53
\BOOKMARK [1][-]{section.4.7}{4.7 Creation of Constraints}{chapter.4}% 54
\BOOKMARK [2][-]{subsection.4.7.1}{4.7.1 \040coefficients}{section.4.7}% 55
\BOOKMARK [2][-]{subsection.4.7.2}{4.7.2 Reference Models}{section.4.7}% 56
\BOOKMARK [2][-]{subsection.4.7.3}{4.7.3 Weighting matrices}{section.4.7}% 57
\BOOKMARK [2][-]{subsection.4.7.4}{4.7.4 Bounds}{section.4.7}% 58
\BOOKMARK [2][-]{subsection.4.7.5}{4.7.5 Lp Lq weights}{section.4.7}% 59
\BOOKMARK [0][-]{chapter*.8}{Bibliography}{}% 60
\BOOKMARK [0][-]{appendix.A}{A Supporting Materials}{}% 61
