This is pdfTeX, Version 3.14159265-2.6-1.40.15 (TeX Live 2015/dev/Debian) (preloaded format=latex 2016.1.20)  23 JUN 2016 13:05
entering extended mode
 restricted \write18 enabled.
 %&-line parsing enabled.
**bigfoot.ins
(./bigfoot.ins
LaTeX2e <2014/05/01>
Babel <3.9l> and hyphenation patterns for 2 languages loaded.
(/usr/share/texlive/texmf-dist/tex/latex/base/docstrip.tex
\blockLevel=\count79
\emptyLines=\count80
\processedLines=\count81
\commentsRemoved=\count82
\commentsPassed=\count83
\codeLinesPassed=\count84
\TotalprocessedLines=\count85
\TotalcommentsRemoved=\count86
\TotalcommentsPassed=\count87
\TotalcodeLinesPassed=\count88
\NumberOfFiles=\count89
\inFile=\read1
\inputcheck=\read2
\off@0=\count90
\off@1=\count91
\off@2=\count92
\off@3=\count93
\off@4=\count94
\off@5=\count95
\off@6=\count96
\off@7=\count97
\off@8=\count98
\off@9=\count99
\off@10=\count100
\off@11=\count101
\off@12=\count102
\off@13=\count103
\off@14=\count104
\off@15=\count105
\@maxfiles=\count106
\@maxoutfiles=\count107

Utility: `docstrip' 2.5e <2014/09/29>
English documentation    <2014/09/29>

**********************************************************
* This program converts documented macro-files into fast *
* loadable files by stripping off (nearly) all comments! *
**********************************************************

********************************************************
* No Configuration file found, using default settings. *
********************************************************

) File ./bigfoot.drv already exists on the system.
Overwrite it? [y/n]
\answer=y
File ./suffix.drv already exists on the system.
Overwrite it? [y/n]
\answer=y
File ./bigfoot.sty already exists on the system.
Overwrite it? [y/n]
\answer=y
File ./suffix.sty already exists on the system.
Overwrite it? [y/n]
\answer=y

Generating file(s) ./bigfoot.drv ./perpage.drv ./suffix.drv ./bigfoot.sty ./per
page.sty ./suffix.sty 
\openout0 = `./bigfoot.drv'.

\openout1 = `./bigfoot.sty'.


Processing file bigfoot.dtx (driver) -> bigfoot.drv
                            (style) -> bigfoot.sty
% % % % % % % % % % % % % % % % % % % % % % % % % % % % % % % % % % % % % % %
% % % % % % % % % % % % % % % % % % % % % % % % % % % % % % % % % % % % % % %
% % % % % <*driver . . . . % % % % % % % % % % . . . % % % % % . . . . . % % %
% % . . <driver . > . . > % % % % % % % % % % % % % % % % % % % % % % <*style
. . . . . . . . . . . . . . . % % % % % % % % % % . . . % % % % % % . . . . .
. . . . % % % % % % % % % % % % % % <trace . > <trace . > <trace . >
<trace . > <trace . > <trace . > <trace . > <trace . > <trace . > % % % % %
<trace . > <trace . > <trace . > <trace . > <trace . > <trace . > <trace . >
<trace . > . % % % % % % % % % . . . . . % % % % % % % % % % % % % % % % % . .
. . . . % % % % % % % % % % % % % % % % % % . . . . . . . . . % % % % % % % %
. % % % % % % % % % % % . . . . . . . . . . . . . . . % % % % % % % % % % % %
. . . . . . . . . . . . . . . . . . . % % % % % % . . % % % % % % . . . . . %
% % % % % % % % % % % % . . . . . % % % % % % % % . . . % % % % % % % % . . .
. . % % % % % % % % % % % % % % % % % % % % % % % % % % . . . . . . % % % % %
% % . . . . . . . . . . . . . . . % % % % % % % % % % % % % % % % % . . . .
<trace . > <trace . > <trace . > <trace . > <trace . > <trace . > <trace . >
<trace . > <trace . > % % % % % % % % % . . % % % % % % % % % . . . . . . . .
<trace . > . % % % % % % . <trace . > . . % % % % % % % % % % % % % % % % % %
% % . % % % % % % . . . . % % % % % . . . . . . . . . . . % % % % % % . . . .
% % % % % % . . . . . . . % % % . . . . % % % % % % % % % . . . . . . % % % %
% % % % % . % % % % % % % % % % % % % % % % % . . . . . . . . . % % % % % % %
. . . % % % % % % % . . % % % % % % % % . . . . . . . . . . . . % % % % % % .
. . . % % % % % % . . . . . % % % % % . . % % % % % % % % % % % % % % % % % .
. . . % % % % % % % % % . . . . . . . . . . . . . . . . . . . % % % % % % % %
% % % % % % % % % % % % % % % % % . . . . . . . . . . . . . . . . . . . . % %
% % % % % % . . . . . . . . . . % % % % % % % % % % % . . % % % % % % % % % %
% % % % % % % % % % . <trace . > . . <trace . > . . . . . . . . % % % % % % %
% . . . . . . . . . . . . . . . <trace . > . . <trace . > . . . . % % % % % %
% % % % % % % % % . . . . . . . . % % % % % % . % % % % % % % % % % .
<trace . > . . . . . . . . . . . . . % % % % % % % % % . . . % % % % % . % % %
% % % . . . . % % % % % % % . <trace . > . . <trace . > . . . . <trace . > . .
. . . . . % % % % % % % % % % % % % % % % % % % % % % . . . . % % % % % % % %
% . . % % % % % % % % % % . . . . . . . . . . . . . . . . . . % % % % % . . %
% % % % . . % % % % % % % . % % % % % % % % % % % % % % % % % % % % % % % % %
% . . . . % % % % % % % % . % % % % % % % % . . . . % % % % % . . . . % % % %
% % % % % % . . . . . . % % % % . . . . . % % % % % . . . . . . . % % % % % .
. % % % . . . . . . % % % % % . . % % % % % . . . . . . % % % . . . % % % % %
. . . . . . . . . . . . . . . . . . . . % % % % % % % % % % % % % . . . . . .
. % % % % % . . . . . % % % % % % . . . % % % % % % % % % . . . . . . . . . .
. . . . . . . . . . . . . . . . . . . . . . . . . . . . . . . . . . . . . . %
% % % % % % % % % . . . . . . . . % % % % % % % % % % . . . . . . . % % % % .
. <trace . > <trace . > <trace . > % % % % % . . . . . . . . % % % % % . . . .
. . . . <trace . > <trace . > <trace . > <trace . > <trace . > <trace . >
<trace . > % % % % % <trace . > <trace . > <trace . > <trace . > <trace . >
<trace . > <trace . > <trace . > <trace . > % % % <trace . > <trace . >
<trace . > <trace . > <trace . > <trace . > <trace . > <trace . > <trace . >
<trace . > % % % % % % % % % % % % . . . . <trace . > <trace . > <trace . >
<trace . > . <trace . > . . <trace . > <trace . > <trace . > <trace . > . .
<trace . > <trace . > <trace . > <trace . > <trace . > <trace . > <trace . > .
% % % % % % % % % % % % % % % . <trace . > . % % % % % % . . . . . . . . % % %
% . . % % % . . . . . . . . % % % % % . . . . . . . . . . . . . % % % % % % %
% % % % % % % % % % % % % % % % % % % % % % % % % % % % % % % % % % % % % % %
% % % % % % % % % % % % % % % % % % % % % % % % % % % % % % % % % % % % % % %
% % % % % % % % % % % % % % % % % % % % % % % % % % % % % % % % % % % % % % %
% % % % % % % % % % % % % % % % % % % % % % % % % % % % % % . . . . . . . . .
. . . . . . . . . . . . . . . . . . . . . . . . . % % % % % % . . . . % % % %
% % % % . . . . . % % % . . . . . . . . . . . . % % % % % % % % . . . . % % %
% % % % . . . . % % % % % % % % % % % . . . . . . % % % % % % . . % % % % % %
% % % % % % % % % . . . . . . . . . . . . . . . . . % % % % % % % % % . . . .
% % % % % % % % % % % % % % % % % % % % % % % % % % % % % % % % % % % % % % %
% % % % % % % % % % % % % % % % % % % % % . % % % % % % % % % % % % % % % % %
% % % % % % % % % % % % % % % % % % % % % % % % % . . . . . <trace . >
<trace . > <trace . > <trace . > . <trace . > <trace . > <trace . > . . . . .
. . . . % % % % . . . . . . . . . . % % % % % % . . % % % % % % % % % . . . %
% % % % . % % % % . . . . . . . . . . . . . % % % % . <trace . > <trace . >
<trace . > <trace . > % % % % % . . <trace . > <trace . > . . . . . . . . . .
. . . . <trace . > <trace . > % % % % % % % % % % <trace . > <trace . >
<trace . > <trace . > . % % % % % % % % % % % % % % % % % % . . . . . . . . .
. . . . <trace . > <trace . > <trace . > . % % % % % % % % % % . <trace . >
<trace . > <trace . > . . . . . . . . . . . . . . . . . . % % % % % % % % .
<trace . > % % % % % % % % % . . % % % . . . . <trace . > <trace . >
<trace . > . % % % % % % % % % . . % % % % % % % % . % % % . % % % . . % % % %
. % % % % % . % % % % . . . . . . . . . . . % % % % % % . . . . % % % % % % %
. . . . . . . % % % % % % % % % % % % . . . . . <trace . > <trace . > . . . .
. . . . . <trace . > . . . . . . . . . . . . . % % % % % % % % % . . . % % . .
. . . . % % % % % % % . . . . . . . . . . . . . . . . . . . . . % % % % % % %
% % % % % % % % % . . . . . . . . . . . . . . . . . <trace . > <trace . > . .
<trace . > <trace . > <trace . > <trace . > <trace . > <trace . > <trace . >
<trace . > <trace . > . . . . . . . . . . . . . . . . . . . <trace . > . % % %
% % % % % % % % % % % % % . . . . . . . . . % % % <trace . > <trace . > . . .
% % % % % % . % % % . % % % <trace . > . . . . . . . . . . . . % % % % % % % %
% % % % % % % % % % % % % % % % % % % % % % % % % % % % % % % % % % % % % % %
% % % % % % % % % % % % % % % % % % % % % % % % % % % % % % % % % % % % % % %
% % % % % % . . . . . . . . . . . . . . . . . . . . . . . . . . . % % % % % %
. . . . . . . . . . . . . . . . . . . . . . . . . . % % % % % % . % % % % % .
% % % % % % . . % % % % % % % % . . % % % % % % % % % % % % % % % % % % % % %
% % % % % % % % . % % % % % % % % % % % % % % % . . . <trace . > <trace . >
<trace . > . <trace . > <trace . > <trace . > <trace . > . <trace . >
<trace . > <trace . > . . . . . . . . . . . <trace . > <trace . > <trace . > .
% % % % . % % % % % % % % . . . . . . . . % % % % % % % % % % % % % % % % % %
% % % % % % . % % % % % . . . . . . . . . % % % % % % % <trace . > . . . . . .
. . . . . . % % % % % % % % % . . . . . % % % % % % % % % % % % % % % . . . .
. . % % % % % . . % % % % % % % % % % . . . . . . . . . . % % % % % % . . . .
. . . . . . . . . . % % % % % . . . . . % % % % . . . . . . . . . . . . . . .
. % % % % % % % . <trace . > <trace . > . . . . . . . % % % % % % % % % % % .
% % % % % . . . . . . . . % % % % % % % % % . . % % % % % % . . . . . . . . .
. . . % % % % % . . % % % % % % % % % . . . <trace . > <trace . > <trace . >
<trace . > <trace . > <trace . > . <trace . > <trace . > <trace . > <trace . >
<trace . > <trace . > <trace . > . . . <trace . > <trace . > <trace . >
<trace . > <trace . > <trace . > . % % % % . . . . . . . . . . . . . . % % % %
% % % . . . . . . . . . . . . . . . . . . . . . . . . . . . . . . . . . . . .
. . . . . . . . . . . . . . . % % % % % % . . . . . . % % % % % % % . . . . .
. % % % % % % % % . % % % % . . . . . . . . . . . . . . . . % % % % % % % % .
% % % % % . . . . . . . . . % % . % % . . . . . . . . . . . . . . . . . % % %
% % % % % . . . . . % % % . . . . . . % % . . . . . . . . . . . . . . . . . .
. . . . . . . . . % % % % . % % % % % % % . . . . . . . . . % % % % % % % % %
. % % % % . . . % % % . . . . % % % % % . . . . % % % % . . . % % % % % % % %
% % % % % % . . . . . . . % % % % % . . . . . . % % % % % % % % % . <trace . >
<trace . > . . . . . . . % % % % . . . % % % . % % % . . . % % % % % % . . . %
% % % % % % . <trace . > . . . . . . . . . . . . . . . . . . . . . . . . % % %
% % % % % % % % % % . . . . <trace . > <trace . > <trace . > <trace . > . .
<trace . > <trace . > <trace . > <trace . > . <trace . > <trace . > <trace . >
. % % % % % . % % % % <trace . > <trace . > <trace . > <trace . > <trace . >
<trace . > <trace . > <trace . > <trace . > <trace . > <trace . > <trace . >
<trace . > <trace . > % % % % % % % . . . . . . . . % % % % . . . > % % % % %
% % % % % <installer . > <installer&make . > <installer . > <installer . >
<installer . > <installer . > <installer&!make . > <installer . >
<installer . > <installer . > <installer . > <installer . > % % % % % % %
Lines  processed: 3605
Comments removed: 1970
Comments  passed: 7
Codelines passed: 1419

\openout0 = `./perpage.drv'.

\openout1 = `./perpage.sty'.


Processing file perpage.dtx (driver) -> perpage.drv
                            (style) -> perpage.sty
% % % % % % % % % % % % % % % % % % % % % % % % % % % % % % % % % % % % % % %
% % % % % % % % % % % % % % % % % % % % % % % % % % % % % % % % % % % % % % %
% % % % % % % % % % % % % % % % % % % % % % % % % % % % % % % % % % % % % % %
% % % % % % % % % % % % % % % % % % % % <*driver . . . . . <driver . > . . > %
% % % % <*style . . % % % % % % % % % % % % % % % % % % % % % % % % . % % % %
% % . . . . . . . . % % % % % % % % % . . . . . . . . . . . % % % % % . % % %
% % % % % . . . . . % % % % % % % . . % % % % % % % % . . . % % % % % % % . .
% % % % % . . . % % % % % % % % % % % % % % % % % % % % % % % % % % % % % % %
% % % % % % % % % % % % % % % % % % % % % % % . . . . . . . . . . . . % % % %
% % . . . . . . . . . . . . . . . . % % % % % % % % . . . . . . . . . % % % %
% % % % % % % % % % % % . % % % % % . . . % % % % % % . . . . . . % % % % % %
% . . . . . . . . . . . % % % % % . % % % % % % % % % . . . . % % % % % % % %
% % % . . . . . . . . . . . . % % % % % % . . . . . . % % % % % % % % % . . .
. . . % % % % . . . . . . . . . . % % % % % % % . . . . . . . . . . > % % % %
% % % % %
Lines  processed: 547
Comments removed: 383
Comments  passed: 7
Codelines passed: 152

\openout0 = `./suffix.drv'.

\openout1 = `./suffix.sty'.


Processing file suffix.dtx (driver) -> suffix.drv
                           (style) -> suffix.sty
% % % % % % % % % % % % % % % % % % % % % % % % % % % % % % % % % % % % % % %
% % % % % % % % % % % % % % % % % % % % % % % % % % % % % % % % % % % % % % %
% <*driver . . . . . <driver . > . . > % % % % <*style . . . . . . . % % % % %
% % . . % % % % % % % % % % . . . . . . % % % % % % % % % . . % % % % % % % %
. . . . . . . . . . % % % % . . . . % % % % % % % . . % % % % % % % % % . . .
. . . . . % % % % % % % . . . . . . . . . % % % % % % % . . . . . . . . > % %
% % % % % %
Lines  processed: 236
Comments removed: 159
Comments  passed: 7
Codelines passed: 65

Overall statistics:
Files  processed: 3
Lines  processed: 4388
Comments removed: 2512
Comments  passed: 21
Codelines passed: 1636
 ) 
Here is how much of TeX's memory you used:
 357 strings out of 495021
 3701 string characters out of 6181350
 53060 words of memory out of 5000000
 3663 multiletter control sequences out of 15000+600000
 3640 words of font info for 14 fonts, out of 8000000 for 9000
 14 hyphenation exceptions out of 8191
 14i,0n,15p,103b,169s stack positions out of 5000i,500n,10000p,200000b,80000s

No pages of output.
