This is pdfTeX, Version 3.1415926-2.5-1.40.14 (TeX Live 2013/Debian) (format=pdflatex 2014.8.27)  24 JUN 2016 10:42
entering extended mode
 restricted \write18 enabled.
 %&-line parsing enabled.
**ThesisDraft2.tex
(./ThesisDraft2.tex
LaTeX2e <2011/06/27>
Babel <3.9h> and hyphenation patterns for 4 languages loaded.
(./ubcdiss.cls
Document Class: ubcdiss 2008/04/06
(/usr/share/texlive/texmf-dist/tex/latex/tools/calc.sty
Package: calc 2007/08/22 v4.3 Infix arithmetic (KKT,FJ)
\calc@Acount=\count79
\calc@Bcount=\count80
\calc@Adimen=\dimen102
\calc@Bdimen=\dimen103
\calc@Askip=\skip41
\calc@Bskip=\skip42
LaTeX Info: Redefining \setlength on input line 76.
LaTeX Info: Redefining \addtolength on input line 77.
\calc@Ccount=\count81
\calc@Cskip=\skip43
)
(/usr/share/texlive/texmf-dist/tex/latex/base/ifthen.sty
Package: ifthen 2001/05/26 v1.1c Standard LaTeX ifthen package (DPC)
)
Using one-and-a-half spacing
(/usr/share/texlive/texmf-dist/tex/latex/base/book.cls
Document Class: book 2007/10/19 v1.4h Standard LaTeX document class
(/usr/share/texlive/texmf-dist/tex/latex/base/bk11.clo
File: bk11.clo 2007/10/19 v1.4h Standard LaTeX file (size option)
)
\c@part=\count82
\c@chapter=\count83
\c@section=\count84
\c@subsection=\count85
\c@subsubsection=\count86
\c@paragraph=\count87
\c@subparagraph=\count88
\c@figure=\count89
\c@table=\count90
\abovecaptionskip=\skip44
\belowcaptionskip=\skip45
\bibindent=\dimen104
)
(/usr/share/texlive/texmf-dist/tex/latex/setspace/setspace.sty
Package: setspace 2011/12/19 v6.7a set line spacing
)
(/usr/share/texlive/texmf-dist/tex/latex/textcase/textcase.sty
Package: textcase 2004/10/07 v0.07 Text only upper/lower case changing (DPC)
)
(./texmf/tocbibind.sty

LaTeX Warning: You have requested package `texmf/tocbibind',
               but the package provides `tocbibind'.

Package: tocbibind 2010/10/13 v1.5k extra ToC listings
Package tocbibind Info: The document has chapter divisions on input line 50.

Package tocbibind Note: Using chapter style headings, unless overridden.

) (./texmf/tocloft.sty

LaTeX Warning: You have requested package `texmf/tocloft',
               but the package provides `tocloft'.

Package: tocloft 2013/05/02 v2.3f parameterised ToC, etc., typesetting
Package tocloft Info: The document has chapter divisions on input line 44.
\cftparskip=\skip46
\cftbeforetoctitleskip=\skip47
\cftaftertoctitleskip=\skip48
\cftbeforepartskip=\skip49
\cftpartnumwidth=\skip50
\cftpartindent=\skip51
\cftbeforechapskip=\skip52
\cftchapindent=\skip53
\cftchapnumwidth=\skip54
\cftbeforesecskip=\skip55
\cftsecindent=\skip56
\cftsecnumwidth=\skip57
\cftbeforesubsecskip=\skip58
\cftsubsecindent=\skip59
\cftsubsecnumwidth=\skip60
\cftbeforesubsubsecskip=\skip61
\cftsubsubsecindent=\skip62
\cftsubsubsecnumwidth=\skip63
\cftbeforeparaskip=\skip64
\cftparaindent=\skip65
\cftparanumwidth=\skip66
\cftbeforesubparaskip=\skip67
\cftsubparaindent=\skip68
\cftsubparanumwidth=\skip69
\cftbeforeloftitleskip=\skip70
\cftafterloftitleskip=\skip71
\cftbeforefigskip=\skip72
\cftfigindent=\skip73
\cftfignumwidth=\skip74
\c@lofdepth=\count91
\c@lotdepth=\count92
\cftbeforelottitleskip=\skip75
\cftafterlottitleskip=\skip76
\cftbeforetabskip=\skip77
\cfttabindent=\skip78
\cfttabnumwidth=\skip79
)
\@figprefixlen=\skip80
\@tabprefixlen=\skip81
) (/usr/share/texlive/texmf-dist/tex/latex/psnfss/times.sty
Package: times 2005/04/12 PSNFSS-v9.2a (SPQR) 
)
(/usr/share/texlive/texmf-dist/tex/latex/psnfss/mathptmx.sty
Package: mathptmx 2005/04/12 PSNFSS-v9.2a Times w/ Math, improved (SPQR, WaS) 
LaTeX Font Info:    Redeclaring symbol font `operators' on input line 28.
LaTeX Font Info:    Overwriting symbol font `operators' in version `normal'
(Font)                  OT1/cmr/m/n --> OT1/ztmcm/m/n on input line 28.
LaTeX Font Info:    Overwriting symbol font `operators' in version `bold'
(Font)                  OT1/cmr/bx/n --> OT1/ztmcm/m/n on input line 28.
LaTeX Font Info:    Redeclaring symbol font `letters' on input line 29.
LaTeX Font Info:    Overwriting symbol font `letters' in version `normal'
(Font)                  OML/cmm/m/it --> OML/ztmcm/m/it on input line 29.
LaTeX Font Info:    Overwriting symbol font `letters' in version `bold'
(Font)                  OML/cmm/b/it --> OML/ztmcm/m/it on input line 29.
LaTeX Font Info:    Redeclaring symbol font `symbols' on input line 30.
LaTeX Font Info:    Overwriting symbol font `symbols' in version `normal'
(Font)                  OMS/cmsy/m/n --> OMS/ztmcm/m/n on input line 30.
LaTeX Font Info:    Overwriting symbol font `symbols' in version `bold'
(Font)                  OMS/cmsy/b/n --> OMS/ztmcm/m/n on input line 30.
LaTeX Font Info:    Redeclaring symbol font `largesymbols' on input line 31.
LaTeX Font Info:    Overwriting symbol font `largesymbols' in version `normal'
(Font)                  OMX/cmex/m/n --> OMX/ztmcm/m/n on input line 31.
LaTeX Font Info:    Overwriting symbol font `largesymbols' in version `bold'
(Font)                  OMX/cmex/m/n --> OMX/ztmcm/m/n on input line 31.
\symbold=\mathgroup4
\symitalic=\mathgroup5
LaTeX Font Info:    Redeclaring math alphabet \mathbf on input line 34.
LaTeX Font Info:    Overwriting math alphabet `\mathbf' in version `normal'
(Font)                  OT1/cmr/bx/n --> OT1/ptm/bx/n on input line 34.
LaTeX Font Info:    Overwriting math alphabet `\mathbf' in version `bold'
(Font)                  OT1/cmr/bx/n --> OT1/ptm/bx/n on input line 34.
LaTeX Font Info:    Redeclaring math alphabet \mathit on input line 35.
LaTeX Font Info:    Overwriting math alphabet `\mathit' in version `normal'
(Font)                  OT1/cmr/m/it --> OT1/ptm/m/it on input line 35.
LaTeX Font Info:    Overwriting math alphabet `\mathit' in version `bold'
(Font)                  OT1/cmr/bx/it --> OT1/ptm/m/it on input line 35.
LaTeX Info: Redefining \hbar on input line 50.
)
(/usr/share/texlive/texmf-dist/tex/latex/psnfss/courier.sty
Package: courier 2005/04/12 PSNFSS-v9.2a (WaS) 
)
(/usr/share/texlive/texmf-dist/tex/latex/psnfss/helvet.sty
Package: helvet 2005/04/12 PSNFSS-v9.2a (WaS) 

(/usr/share/texlive/texmf-dist/tex/latex/graphics/keyval.sty
Package: keyval 1999/03/16 v1.13 key=value parser (DPC)
\KV@toks@=\toks14
))
(/usr/share/texlive/texmf-dist/tex/latex/amsfonts/amssymb.sty
Package: amssymb 2013/01/14 v3.01 AMS font symbols

(/usr/share/texlive/texmf-dist/tex/latex/amsfonts/amsfonts.sty
Package: amsfonts 2013/01/14 v3.01 Basic AMSFonts support
\@emptytoks=\toks15
\symAMSa=\mathgroup6
\symAMSb=\mathgroup7
LaTeX Font Info:    Overwriting math alphabet `\mathfrak' in version `bold'
(Font)                  U/euf/m/n --> U/euf/b/n on input line 106.
))
(/usr/share/texlive/texmf-dist/tex/latex/amsmath/amsmath.sty
Package: amsmath 2013/01/14 v2.14 AMS math features
\@mathmargin=\skip82

For additional information on amsmath, use the `?' option.
(/usr/share/texlive/texmf-dist/tex/latex/amsmath/amstext.sty
Package: amstext 2000/06/29 v2.01

(/usr/share/texlive/texmf-dist/tex/latex/amsmath/amsgen.sty
File: amsgen.sty 1999/11/30 v2.0
\@emptytoks=\toks16
\ex@=\dimen105
))
(/usr/share/texlive/texmf-dist/tex/latex/amsmath/amsbsy.sty
Package: amsbsy 1999/11/29 v1.2d
\pmbraise@=\dimen106
)
(/usr/share/texlive/texmf-dist/tex/latex/amsmath/amsopn.sty
Package: amsopn 1999/12/14 v2.01 operator names
)
\inf@bad=\count93
LaTeX Info: Redefining \frac on input line 210.
\uproot@=\count94
\leftroot@=\count95
LaTeX Info: Redefining \overline on input line 306.
\classnum@=\count96
\DOTSCASE@=\count97
LaTeX Info: Redefining \ldots on input line 378.
LaTeX Info: Redefining \dots on input line 381.
LaTeX Info: Redefining \cdots on input line 466.
\Mathstrutbox@=\box26
\strutbox@=\box27
\big@size=\dimen107
LaTeX Font Info:    Redeclaring font encoding OML on input line 566.
LaTeX Font Info:    Redeclaring font encoding OMS on input line 567.
\macc@depth=\count98
\c@MaxMatrixCols=\count99
\dotsspace@=\muskip10
\c@parentequation=\count100
\dspbrk@lvl=\count101
\tag@help=\toks17
\row@=\count102
\column@=\count103
\maxfields@=\count104
\andhelp@=\toks18
\eqnshift@=\dimen108
\alignsep@=\dimen109
\tagshift@=\dimen110
\tagwidth@=\dimen111
\totwidth@=\dimen112
\lineht@=\dimen113
\@envbody=\toks19
\multlinegap=\skip83
\multlinetaggap=\skip84
\mathdisplay@stack=\toks20
LaTeX Info: Redefining \[ on input line 2665.
LaTeX Info: Redefining \] on input line 2666.
)
(/usr/share/texlive/texmf-dist/tex/latex/psnfss/pifont.sty
Package: pifont 2005/04/12 PSNFSS-v9.2a Pi font support (SPQR) 
LaTeX Font Info:    Try loading font information for U+pzd on input line 63.

(/usr/share/texlive/texmf-dist/tex/latex/psnfss/upzd.fd
File: upzd.fd 2001/06/04 font definitions for U/pzd.
)
LaTeX Font Info:    Try loading font information for U+psy on input line 64.

(/usr/share/texlive/texmf-dist/tex/latex/psnfss/upsy.fd
File: upsy.fd 2001/06/04 font definitions for U/psy.
)) (./texmf/checkend.sty

LaTeX Warning: You have requested package `texmf/checkend',
               but the package provides `checkend'.

Package: checkend 2002/04/20 v1.0 Environment checking
) (/usr/share/texlive/texmf-dist/tex/latex/graphics/graphicx.sty
Package: graphicx 1999/02/16 v1.0f Enhanced LaTeX Graphics (DPC,SPQR)

(/usr/share/texlive/texmf-dist/tex/latex/graphics/graphics.sty
Package: graphics 2009/02/05 v1.0o Standard LaTeX Graphics (DPC,SPQR)

(/usr/share/texlive/texmf-dist/tex/latex/graphics/trig.sty
Package: trig 1999/03/16 v1.09 sin cos tan (DPC)
)
(/etc/texmf/tex/latex/config/graphics.cfg
File: graphics.cfg 2009/08/28 v1.8 graphics configuration of TeX Live
)
Package graphics Info: Driver file: pdftex.def on input line 91.

(/usr/share/texlive/texmf-dist/tex/latex/pdftex-def/pdftex.def
File: pdftex.def 2011/05/27 v0.06d Graphics/color for pdfTeX

(/usr/share/texlive/texmf-dist/tex/generic/oberdiek/infwarerr.sty
Package: infwarerr 2010/04/08 v1.3 Providing info/warning/error messages (HO)
)
(/usr/share/texlive/texmf-dist/tex/generic/oberdiek/ltxcmds.sty
Package: ltxcmds 2011/11/09 v1.22 LaTeX kernel commands for general use (HO)
)
\Gread@gobject=\count105
))
\Gin@req@height=\dimen114
\Gin@req@width=\dimen115
)
(./texmf/placeins.sty

LaTeX Warning: You have requested package `texmf/placeins',
               but the package provides `placeins'.

Package: placeins 2005/04/18  v 2.2
) (/usr/share/texlive/texmf-dist/tex/latex/booktabs/booktabs.sty
Package: booktabs 2005/04/14 v1.61803 publication quality tables
\heavyrulewidth=\dimen116
\lightrulewidth=\dimen117
\cmidrulewidth=\dimen118
\belowrulesep=\dimen119
\belowbottomsep=\dimen120
\aboverulesep=\dimen121
\abovetopsep=\dimen122
\cmidrulesep=\dimen123
\cmidrulekern=\dimen124
\defaultaddspace=\dimen125
\@cmidla=\count106
\@cmidlb=\count107
\@aboverulesep=\dimen126
\@belowrulesep=\dimen127
\@thisruleclass=\count108
\@lastruleclass=\count109
\@thisrulewidth=\dimen128
)
(/usr/share/texlive/texmf-dist/tex/latex/listings/listings.sty
\lst@mode=\count110
\lst@gtempboxa=\box28
\lst@token=\toks21
\lst@length=\count111
\lst@currlwidth=\dimen129
\lst@column=\count112
\lst@pos=\count113
\lst@lostspace=\dimen130
\lst@width=\dimen131
\lst@newlines=\count114
\lst@lineno=\count115
\lst@maxwidth=\dimen132

(/usr/share/texlive/texmf-dist/tex/latex/listings/lstmisc.sty
File: lstmisc.sty 2013/08/26 1.5b (Carsten Heinz)
\c@lstnumber=\count116
\lst@skipnumbers=\count117
\lst@framebox=\box29
)
(/usr/share/texlive/texmf-dist/tex/latex/listings/listings.cfg
File: listings.cfg 2013/08/26 1.5b listings configuration
))
Package: listings 2013/08/26 1.5b (Carsten Heinz)

(./texmf/acronym.sty

LaTeX Warning: You have requested package `texmf/acronym',
               but the package provides `acronym'.

Package: acronym 2015/03/21 v1.41 Support for acronyms (Tobias Oetiker)
(./texmf/suffix.sty

LaTeX Warning: You have requested package `texmf/suffix',
               but the package provides `suffix'.

Package: suffix 2006/07/15 1.5a Variant command support
) (./texmf/xstring.sty (./texmf/xstring.tex
\@xs@message=\write3
\integerpart=\count118
\decimalpart=\count119
)

LaTeX Warning: You have requested package `texmf/xstring',
               but the package provides `xstring'.

Package: xstring 2013/10/13  v1.7c  String manipulations (C Tellechea)
)
\AC@clearlist=\toks22
) (/usr/share/texlive/texmf-dist/tex/latex/graphics/color.sty
Package: color 2005/11/14 v1.0j Standard LaTeX Color (DPC)

(/etc/texmf/tex/latex/config/color.cfg
File: color.cfg 2007/01/18 v1.5 color configuration of teTeX/TeXLive
)
Package color Info: Driver file: pdftex.def on input line 130.
) (./texmf/comment.sty
\CommentStream=\write4

Excluding comment 'comment')
(/usr/share/texlive/texmf-dist/tex/latex/natbib/natbib.sty
Package: natbib 2010/09/13 8.31b (PWD, AO)
\bibhang=\skip85
\bibsep=\skip86
LaTeX Info: Redefining \cite on input line 694.
\c@NAT@ctr=\count120
)
(./texmf/titlesec.sty

LaTeX Warning: You have requested package `texmf/titlesec',
               but the package provides `titlesec'.

Package: titlesec 2016/03/21 v2.10.2 Sectioning titles
\ttl@box=\box30
\beforetitleunit=\skip87
\aftertitleunit=\skip88
\ttl@plus=\dimen133
\ttl@minus=\dimen134
\ttl@toksa=\toks23
\titlewidth=\dimen135
\titlewidthlast=\dimen136
\titlewidthfirst=\dimen137
) (/usr/share/texlive/texmf-dist/tex/latex/caption/caption.sty
Package: caption 2013/05/02 v3.3-89 Customizing captions (AR)

(/usr/share/texlive/texmf-dist/tex/latex/caption/caption3.sty
Package: caption3 2013/05/02 v1.6-88 caption3 kernel (AR)
Package caption3 Info: TeX engine: e-TeX on input line 57.
\captionmargin=\dimen138
\captionmargin@=\dimen139
\captionwidth=\dimen140
\caption@tempdima=\dimen141
\caption@indent=\dimen142
\caption@parindent=\dimen143
\caption@hangindent=\dimen144
)
\c@ContinuedFloat=\count121
Package caption Info: listings package is loaded.
)
(/usr/share/texlive/texmf-dist/tex/latex/url/url.sty
\Urlmuskip=\muskip11
Package: url 2013/09/16  ver 3.4  Verb mode for urls, etc.
)
(/usr/share/texlive/texmf-dist/tex/latex/hyperref/hyperref.sty
Package: hyperref 2012/11/06 v6.83m Hypertext links for LaTeX

(/usr/share/texlive/texmf-dist/tex/generic/oberdiek/hobsub-hyperref.sty
Package: hobsub-hyperref 2012/05/28 v1.13 Bundle oberdiek, subset hyperref (HO)


(/usr/share/texlive/texmf-dist/tex/generic/oberdiek/hobsub-generic.sty
Package: hobsub-generic 2012/05/28 v1.13 Bundle oberdiek, subset generic (HO)
Package: hobsub 2012/05/28 v1.13 Construct package bundles (HO)
Package hobsub Info: Skipping package `infwarerr' (already loaded).
Package hobsub Info: Skipping package `ltxcmds' (already loaded).
Package: ifluatex 2010/03/01 v1.3 Provides the ifluatex switch (HO)
Package ifluatex Info: LuaTeX not detected.
Package: ifvtex 2010/03/01 v1.5 Detect VTeX and its facilities (HO)
Package ifvtex Info: VTeX not detected.
Package: intcalc 2007/09/27 v1.1 Expandable calculations with integers (HO)
Package: ifpdf 2011/01/30 v2.3 Provides the ifpdf switch (HO)
Package ifpdf Info: pdfTeX in PDF mode is detected.
Package: etexcmds 2011/02/16 v1.5 Avoid name clashes with e-TeX commands (HO)
Package etexcmds Info: Could not find \expanded.
(etexcmds)             That can mean that you are not using pdfTeX 1.50 or
(etexcmds)             that some package has redefined \expanded.
(etexcmds)             In the latter case, load this package earlier.
Package: kvsetkeys 2012/04/25 v1.16 Key value parser (HO)
Package: kvdefinekeys 2011/04/07 v1.3 Define keys (HO)
Package: pdftexcmds 2011/11/29 v0.20 Utility functions of pdfTeX for LuaTeX (HO
)
Package pdftexcmds Info: LuaTeX not detected.
Package pdftexcmds Info: \pdf@primitive is available.
Package pdftexcmds Info: \pdf@ifprimitive is available.
Package pdftexcmds Info: \pdfdraftmode found.
Package: pdfescape 2011/11/25 v1.13 Implements pdfTeX's escape features (HO)
Package: bigintcalc 2012/04/08 v1.3 Expandable calculations on big integers (HO
)
Package: bitset 2011/01/30 v1.1 Handle bit-vector datatype (HO)
Package: uniquecounter 2011/01/30 v1.2 Provide unlimited unique counter (HO)
)
Package hobsub Info: Skipping package `hobsub' (already loaded).
Package: letltxmacro 2010/09/02 v1.4 Let assignment for LaTeX macros (HO)
Package: hopatch 2012/05/28 v1.2 Wrapper for package hooks (HO)
Package: xcolor-patch 2011/01/30 xcolor patch
Package: atveryend 2011/06/30 v1.8 Hooks at the very end of document (HO)
Package atveryend Info: \enddocument detected (standard20110627).
Package: atbegshi 2011/10/05 v1.16 At begin shipout hook (HO)
Package: refcount 2011/10/16 v3.4 Data extraction from label references (HO)
Package: hycolor 2011/01/30 v1.7 Color options for hyperref/bookmark (HO)
)
(/usr/share/texlive/texmf-dist/tex/generic/ifxetex/ifxetex.sty
Package: ifxetex 2010/09/12 v0.6 Provides ifxetex conditional
)
(/usr/share/texlive/texmf-dist/tex/latex/oberdiek/auxhook.sty
Package: auxhook 2011/03/04 v1.3 Hooks for auxiliary files (HO)
)
(/usr/share/texlive/texmf-dist/tex/latex/oberdiek/kvoptions.sty
Package: kvoptions 2011/06/30 v3.11 Key value format for package options (HO)
)
\@linkdim=\dimen145
\Hy@linkcounter=\count122
\Hy@pagecounter=\count123

(/usr/share/texlive/texmf-dist/tex/latex/hyperref/pd1enc.def
File: pd1enc.def 2012/11/06 v6.83m Hyperref: PDFDocEncoding definition (HO)
)
\Hy@SavedSpaceFactor=\count124

(/usr/share/texlive/texmf-dist/tex/latex/latexconfig/hyperref.cfg
File: hyperref.cfg 2002/06/06 v1.2 hyperref configuration of TeXLive
)
Package hyperref Info: Option `bookmarks' set `true' on input line 4319.
Package hyperref Info: Option `bookmarksnumbered' set `true' on input line 4319
.
Package hyperref Info: Option `linktocpage' set `true' on input line 4319.
Package hyperref Info: Hyper figures OFF on input line 4443.
Package hyperref Info: Link nesting OFF on input line 4448.
Package hyperref Info: Hyper index ON on input line 4451.
Package hyperref Info: Plain pages OFF on input line 4458.
Package hyperref Info: Backreferencing ON on input line 4461.
Package hyperref Info: Implicit mode ON; LaTeX internals redefined.
Package hyperref Info: Bookmarks ON on input line 4688.

(/usr/share/texlive/texmf-dist/tex/latex/hyperref/backref.sty
Package: backref 2012/07/25 v1.38 Bibliographical back referencing

(/usr/share/texlive/texmf-dist/tex/latex/oberdiek/rerunfilecheck.sty
Package: rerunfilecheck 2011/04/15 v1.7 Rerun checks for auxiliary files (HO)
Package uniquecounter Info: New unique counter `rerunfilecheck' on input line 2
82.
))
\c@Hy@tempcnt=\count125
LaTeX Info: Redefining \url on input line 5041.
\XeTeXLinkMargin=\dimen146
\Fld@menulength=\count126
\Field@Width=\dimen147
\Fld@charsize=\dimen148
Package hyperref Info: Hyper figures OFF on input line 6295.
Package hyperref Info: Link nesting OFF on input line 6300.
Package hyperref Info: Hyper index ON on input line 6303.
Package hyperref Info: backreferencing ON on input line 6308.
Package hyperref Info: Link coloring OFF on input line 6315.
Package hyperref Info: Link coloring with OCG OFF on input line 6320.
Package hyperref Info: PDF/A mode OFF on input line 6325.
LaTeX Info: Redefining \ref on input line 6365.
LaTeX Info: Redefining \pageref on input line 6369.
\Hy@abspage=\count127
\c@Item=\count128
\c@Hfootnote=\count129
)

Package hyperref Message: Driver (autodetected): hpdftex.

(/usr/share/texlive/texmf-dist/tex/latex/hyperref/hpdftex.def
File: hpdftex.def 2012/11/06 v6.83m Hyperref driver for pdfTeX
\Fld@listcount=\count130
\c@bookmark@seq@number=\count131
\Hy@SectionHShift=\skip89
) (./macros.tex)
(./ThesisDraft2.aux (./abstract.aux) (./preface.aux) (./ack.aux) (./intro.aux)
(./GIFtools.aux) (./Elpoma.aux) (./TKC.aux) (./appendix.aux))
\openout1 = `ThesisDraft2.aux'.

LaTeX Font Info:    Checking defaults for OML/cmm/m/it on input line 331.
LaTeX Font Info:    ... okay on input line 331.
LaTeX Font Info:    Checking defaults for T1/cmr/m/n on input line 331.
LaTeX Font Info:    ... okay on input line 331.
LaTeX Font Info:    Checking defaults for OT1/cmr/m/n on input line 331.
LaTeX Font Info:    ... okay on input line 331.
LaTeX Font Info:    Checking defaults for OMS/cmsy/m/n on input line 331.
LaTeX Font Info:    ... okay on input line 331.
LaTeX Font Info:    Checking defaults for OMX/cmex/m/n on input line 331.
LaTeX Font Info:    ... okay on input line 331.
LaTeX Font Info:    Checking defaults for U/cmr/m/n on input line 331.
LaTeX Font Info:    ... okay on input line 331.
LaTeX Font Info:    Checking defaults for PD1/pdf/m/n on input line 331.
LaTeX Font Info:    ... okay on input line 331.
LaTeX Font Info:    Try loading font information for OT1+ptm on input line 331.


(/usr/share/texlive/texmf-dist/tex/latex/psnfss/ot1ptm.fd
File: ot1ptm.fd 2001/06/04 font definitions for OT1/ptm.
)
(/usr/share/texlive/texmf-dist/tex/context/base/supp-pdf.mkii
[Loading MPS to PDF converter (version 2006.09.02).]
\scratchcounter=\count132
\scratchdimen=\dimen149
\scratchbox=\box31
\nofMPsegments=\count133
\nofMParguments=\count134
\everyMPshowfont=\toks24
\MPscratchCnt=\count135
\MPscratchDim=\dimen150
\MPnumerator=\count136
\makeMPintoPDFobject=\count137
\everyMPtoPDFconversion=\toks25
)
\c@lstlisting=\count138
Package caption Info: Begin \AtBeginDocument code.
Package caption Info: hyperref package is loaded.
Package caption Info: End \AtBeginDocument code.
\AtBeginShipoutBox=\box32
Package backref Info: ** backref set up for natbib ** on input line 331.
Package hyperref Info: Link coloring OFF on input line 331.
 (/usr/share/texlive/texmf-dist/tex/latex/hyperref/nameref.sty
Package: nameref 2012/10/27 v2.43 Cross-referencing by name of section

(/usr/share/texlive/texmf-dist/tex/generic/oberdiek/gettitlestring.sty
Package: gettitlestring 2010/12/03 v1.4 Cleanup title references (HO)
)
\c@section@level=\count139
)
LaTeX Info: Redefining \ref on input line 331.
LaTeX Info: Redefining \pageref on input line 331.
LaTeX Info: Redefining \nameref on input line 331.

(./ThesisDraft2.out) (./ThesisDraft2.out)
\@outlinefile=\write5
\openout5 = `ThesisDraft2.out'.

LaTeX Font Info:    Font shape `OT1/ptm/bx/n' in size <14.4> not available
(Font)              Font shape `OT1/ptm/b/n' tried instead on input line 340.
LaTeX Font Info:    Font shape `OT1/ptm/bx/n' in size <12> not available
(Font)              Font shape `OT1/ptm/b/n' tried instead on input line 340.
LaTeX Font Info:    Try loading font information for OMS+ptm on input line 340.


(/usr/share/texlive/texmf-dist/tex/latex/psnfss/omsptm.fd
File: omsptm.fd 
)
LaTeX Font Info:    Font shape `OMS/ptm/m/n' in size <12> not available
(Font)              Font shape `OMS/cmsy/m/n' tried instead on input line 340.
 [1



{/var/lib/texmf/fonts/map/pdftex/updmap/pdftex.map}]
\openout2 = `abstract.aux'.

 (./abstract.tex
LaTeX Font Info:    Font shape `OT1/ptm/bx/n' in size <24.88> not available
(Font)              Font shape `OT1/ptm/b/n' tried instead on input line 4.
) [2


]
\openout2 = `preface.aux'.

 (./preface.tex)
[3




] (./ThesisDraft2.toc
LaTeX Font Info:    Font shape `OT1/ptm/bx/n' in size <10.95> not available
(Font)              Font shape `OT1/ptm/b/n' tried instead on input line 1.
LaTeX Font Info:    Try loading font information for OT1+ztmcm on input line 1.


(/usr/share/texlive/texmf-dist/tex/latex/psnfss/ot1ztmcm.fd
File: ot1ztmcm.fd 2000/01/03 Fontinst v1.801 font definitions for OT1/ztmcm.
)
LaTeX Font Info:    Try loading font information for OML+ztmcm on input line 1.


(/usr/share/texlive/texmf-dist/tex/latex/psnfss/omlztmcm.fd
File: omlztmcm.fd 2000/01/03 Fontinst v1.801 font definitions for OML/ztmcm.
)
LaTeX Font Info:    Try loading font information for OMS+ztmcm on input line 1.


(/usr/share/texlive/texmf-dist/tex/latex/psnfss/omsztmcm.fd
File: omsztmcm.fd 2000/01/03 Fontinst v1.801 font definitions for OMS/ztmcm.
)
LaTeX Font Info:    Try loading font information for OMX+ztmcm on input line 1.


(/usr/share/texlive/texmf-dist/tex/latex/psnfss/omxztmcm.fd
File: omxztmcm.fd 2000/01/03 Fontinst v1.801 font definitions for OMX/ztmcm.
)
LaTeX Font Info:    Font shape `OT1/ptm/bx/n' in size <8> not available
(Font)              Font shape `OT1/ptm/b/n' tried instead on input line 1.
LaTeX Font Info:    Font shape `OT1/ptm/bx/n' in size <6> not available
(Font)              Font shape `OT1/ptm/b/n' tried instead on input line 1.
 [4



])
\tf@toc=\write6
\openout6 = `ThesisDraft2.toc'.

 [5]
(./ThesisDraft2.lot)
\tf@lot=\write7
\openout7 = `ThesisDraft2.lot'.

 [6


] (./ThesisDraft2.lof)
\tf@lof=\write8
\openout8 = `ThesisDraft2.lof'.

 [7


] (./glossary.tex
LaTeX Font Info:    Try loading font information for OT1+pcr on input line 6.

(/usr/share/texlive/texmf-dist/tex/latex/psnfss/ot1pcr.fd
File: ot1pcr.fd 2001/06/04 font definitions for OT1/pcr.
)
LaTeX Font Info:    Font shape `OT1/ptm/bx/sc' in size <10.95> not available
(Font)              Font shape `OT1/ptm/b/sc' tried instead on input line 17.
) [8


]
\openout2 = `ack.aux'.

 (./ack.tex)
[9


]
\openout2 = `intro.aux'.

 (./intro.tex
Chapter 1.
LaTeX Font Info:    Font shape `OT1/ptm/bx/n' in size <20.74> not available
(Font)              Font shape `OT1/ptm/b/n' tried instead on input line 4.
[1




]
Package acronym Info: Label `acro:GIF' newly defined as it shall be overridden
although it is yet undefined on input line 19.
Package acronym Info: Label `acro:GUI' newly defined as it shall be overridden
although it is yet undefined on input line 23.
 [2]
Package acronym Info: Label `acro:MOF' newly defined as it shall be overridden
although it is yet undefined on input line 46.
 [3] [4] [5] [6]
Package acronym Info: Label `acro:FCM' newly defined as it shall be overridden
although it is yet undefined on input line 116.
 [7]
Overfull \hbox (4.74498pt too wide) in paragraph at lines 122--123
[]\OT1/ptm/m/n/10.95 Finally, I will dis-cuss im-ple-men-ta-tions of con-strain
ed in-ver-sions. [][]Phillips[] ([]2001[])
 []


Overfull \hbox (1.8806pt too wide) in paragraph at lines 129--130
\OT1/ptm/m/n/10.95 In this the-sis I de-scribe the meth-ods used to cre-ate the
 tools I con-tributed to GIFtools
 []

[8]

LaTeX Warning: Reference `ch:CaseStudy1' on page 9 undefined on input line 131.


) [9]
\openout2 = `GIFtools.aux'.

 (./GIFtools.tex
Chapter 2.
[10



] <images/Faults/ElPoma_GEOL_MagSus.png, id=452, 120.45pt x 76.24484pt>
File: images/Faults/ElPoma_GEOL_MagSus.png Graphic file (type png)

<use images/Faults/ElPoma_GEOL_MagSus.png>
Package pdftex.def Info: images/Faults/ElPoma_GEOL_MagSus.png used on input lin
e 46.
(pdftex.def)             Requested size: 288.0011pt x 182.32237pt.

<images/MaptoModel/ElPoma_GEOL_MagSus_M2M_downsample8.png, id=455, 1114.1625pt 
x 705.63625pt>
File: images/MaptoModel/ElPoma_GEOL_MagSus_M2M_downsample8.png Graphic file (ty
pe png)
 <use images/MaptoModel/ElPoma_GEOL_MagSus_M2M_downsample8.png>
Package pdftex.def Info: images/MaptoModel/ElPoma_GEOL_MagSus_M2M_downsample8.p
ng used on input line 55.
(pdftex.def)             Requested size: 288.0011pt x 182.39514pt.


LaTeX Warning: `h' float specifier changed to `ht'.

[11 <./images/Faults/ElPoma_GEOL_MagSus.png>]
LaTeX Font Info:    Font shape `OMS/ptm/m/n' in size <10.95> not available
(Font)              Font shape `OMS/cmsy/m/n' tried instead on input line 65.

<images/MaptoModel/importPlan.PNG, id=462, 354.57469pt x 351.56343pt>
File: images/MaptoModel/importPlan.PNG Graphic file (type png)

<use images/MaptoModel/importPlan.PNG>
Package pdftex.def Info: images/MaptoModel/importPlan.PNG used on input line 80
.
(pdftex.def)             Requested size: 180.0pt x 178.47421pt.


LaTeX Warning: `h' float specifier changed to `ht'.

<images/MaptoModel/importCross.PNG, id=464, 372.64218pt x 356.83313pt>
File: images/MaptoModel/importCross.PNG Graphic file (type png)

<use images/MaptoModel/importCross.PNG>
Package pdftex.def Info: images/MaptoModel/importCross.PNG used on input line 8
6.
(pdftex.def)             Requested size: 180.0pt x 172.36147pt.


LaTeX Warning: `h' float specifier changed to `ht'.

<images/MaptoModel/mapData.PNG, id=466, 651.18282pt x 496.85625pt>
File: images/MaptoModel/mapData.PNG Graphic file (type png)

<use images/MaptoModel/mapData.PNG>
Package pdftex.def Info: images/MaptoModel/mapData.PNG used on input line 93.
(pdftex.def)             Requested size: 180.0pt x 137.33716pt.
 [12 <./images/MaptoModel/ElPoma_GEOL_MagSus_M2M_downsample8.png (PNG copy)>]

LaTeX Warning: `h' float specifier changed to `ht'.

[13 <./images/MaptoModel/importPlan.PNG> <./images/MaptoModel/importCross.PNG>]
[14 <./images/MaptoModel/mapData.PNG>]
<images/MaptoModel/mapModelPlan.PNG, id=483, 758.08218pt x 547.2947pt>
File: images/MaptoModel/mapModelPlan.PNG Graphic file (type png)

<use images/MaptoModel/mapModelPlan.PNG>
Package pdftex.def Info: images/MaptoModel/mapModelPlan.PNG used on input line 
148.
(pdftex.def)             Requested size: 180.0pt x 129.95042pt.


LaTeX Warning: `h' float specifier changed to `ht'.

[15] <images/MaptoModel/mapMeshCross.PNG, id=492, 755.07094pt x 544.28343pt>
File: images/MaptoModel/mapMeshCross.PNG Graphic file (type png)

<use images/MaptoModel/mapMeshCross.PNG>
Package pdftex.def Info: images/MaptoModel/mapMeshCross.PNG used on input line 
162.
(pdftex.def)             Requested size: 180.0pt x 129.75035pt.

<images/MaptoModel/mapModelCross.PNG, id=493, 757.32938pt x 545.03625pt>
File: images/MaptoModel/mapModelCross.PNG Graphic file (type png)

<use images/MaptoModel/mapModelCross.PNG>
Package pdftex.def Info: images/MaptoModel/mapModelCross.PNG used on input line
 168.
(pdftex.def)             Requested size: 180.0pt x 129.53894pt.


LaTeX Warning: `h' float specifier changed to `ht'.

<images/MaptoModel/add2Dto3D.PNG, id=494, 245.41687pt x 288.3272pt>
File: images/MaptoModel/add2Dto3D.PNG Graphic file (type png)

<use images/MaptoModel/add2Dto3D.PNG>
Package pdftex.def Info: images/MaptoModel/add2Dto3D.PNG used on input line 174
.
(pdftex.def)             Requested size: 180.0pt x 211.48018pt.


LaTeX Warning: `h' float specifier changed to `ht'.

<images/MaptoModel/mapModelCross3D.PNG, id=495, 758.835pt x 547.2947pt>
File: images/MaptoModel/mapModelCross3D.PNG Graphic file (type png)

<use images/MaptoModel/mapModelCross3D.PNG>
Package pdftex.def Info: images/MaptoModel/mapModelCross3D.PNG used on input li
ne 180.
(pdftex.def)             Requested size: 180.0pt x 129.81682pt.


LaTeX Warning: `h' float specifier changed to `ht'.

[16 <./images/MaptoModel/mapModelPlan.PNG> <./images/MaptoModel/mapMeshCross.PN
G>] [17 <./images/MaptoModel/mapModelCross.PNG> <./images/MaptoModel/add2Dto3D.
PNG>] [18 <./images/MaptoModel/mapModelCross3D.PNG>]
<images/MaptoModel/geoDefPlan.PNG, id=515, 590.95781pt x 222.8325pt>
File: images/MaptoModel/geoDefPlan.PNG Graphic file (type png)

<use images/MaptoModel/geoDefPlan.PNG>
Package pdftex.def Info: images/MaptoModel/geoDefPlan.PNG used on input line 19
5.
(pdftex.def)             Requested size: 288.0011pt x 108.59724pt.

<images/MaptoModel/combineModelRef.PNG, id=517, 831.85782pt x 561.59813pt>
File: images/MaptoModel/combineModelRef.PNG Graphic file (type png)

<use images/MaptoModel/combineModelRef.PNG>
Package pdftex.def Info: images/MaptoModel/combineModelRef.PNG used on input li
ne 203.
(pdftex.def)             Requested size: 288.0011pt x 194.42853pt.

<images/MaptoModel/mapRefModPlan.PNG, id=519, 758.835pt x 547.2947pt>
File: images/MaptoModel/mapRefModPlan.PNG Graphic file (type png)

<use images/MaptoModel/mapRefModPlan.PNG>
Package pdftex.def Info: images/MaptoModel/mapRefModPlan.PNG used on input line
 210.
(pdftex.def)             Requested size: 288.0011pt x 207.71526pt.


LaTeX Warning: `h' float specifier changed to `ht'.


LaTeX Warning: `h' float specifier changed to `ht'.

[19

 <./images/MaptoModel/geoDefPlan.PNG>]
<images/Faults/makeFaultGUI.PNG, id=527, 252.945pt x 235.63031pt>
File: images/Faults/makeFaultGUI.PNG Graphic file (type png)

<use images/Faults/makeFaultGUI.PNG>
Package pdftex.def Info: images/Faults/makeFaultGUI.PNG used on input line 233.

(pdftex.def)             Requested size: 180.0pt x 167.6798pt.


LaTeX Warning: `h' float specifier changed to `ht'.

<images/Faults/faults.png, id=529, 953.5625pt x 872.25874pt>
File: images/Faults/faults.png Graphic file (type png)

<use images/Faults/faults.png>
Package pdftex.def Info: images/Faults/faults.png used on input line 242.
(pdftex.def)             Requested size: 180.0pt x 164.6528pt.
 [20 <./images/MaptoModel/combineModelRef.PNG>]

LaTeX Warning: `h' float specifier changed to `ht'.

[21 <./images/MaptoModel/mapRefModPlan.PNG> <./images/Faults/makeFaultGUI.PNG>]
) [22 <./images/Faults/faults.png>]
\openout2 = `Elpoma.aux'.


No file Elpoma.tex.
\openout2 = `TKC.aux'.

(./TKC.tex
Chapter 3.
LaTeX Font Info:    Font shape `OT1/ptm/bx/n' in size <9> not available
(Font)              Font shape `OT1/ptm/b/n' tried instead on input line 101.
LaTeX Font Info:    Font shape `OT1/ptm/bx/n' in size <7> not available
(Font)              Font shape `OT1/ptm/b/n' tried instead on input line 101.

Package hyperref Warning: Token not allowed in a PDF string (PDFDocEncoding):
(hyperref)                removing `math shift' on input line 101.


Package hyperref Warning: Token not allowed in a PDF string (PDFDocEncoding):
(hyperref)                removing `\alpha' on input line 101.


Package hyperref Warning: Token not allowed in a PDF string (PDFDocEncoding):
(hyperref)                removing `math shift' on input line 101.

) [23





]
Overfull \vbox (36.175pt too high) has occurred while \output is active []


[24] (./ThesisDraft2.bbl (./ThesisDraft2.brf)
\tf@brf=\write9
\openout9 = `ThesisDraft2.brf'.

 [25


]) [26]
\openout2 = `appendix.aux'.

 (./appendix.tex
Appendix A.
) [27


]
Package atveryend Info: Empty hook `BeforeClearDocument' on input line 418.
Package atveryend Info: Empty hook `AfterLastShipout' on input line 418.
 (./ThesisDraft2.aux (./abstract.aux) (./preface.aux) (./ack.aux)
(./intro.aux) (./GIFtools.aux) (./Elpoma.aux) (./TKC.aux) (./appendix.aux))
Package atveryend Info: Executing hook `AtVeryEndDocument' on input line 418.
Package atveryend Info: Executing hook `AtEndAfterFileList' on input line 418.
Package rerunfilecheck Info: File `ThesisDraft2.out' has not changed.
(rerunfilecheck)             Checksum: 20F8C4612CD9A6ED38A0A513AFC5651D;2604.


Package rerunfilecheck Warning: File `ThesisDraft2.brf' has changed.
(rerunfilecheck)                Rerun to get bibliographical references right.

Package rerunfilecheck Info: Checksums for `ThesisDraft2.brf':
(rerunfilecheck)             Before: D41D8CD98F00B204E9800998ECF8427E;0
(rerunfilecheck)             After:  2A74E3C51CE53A3F5022316F6CBF2F63;2716.

LaTeX Warning: There were undefined references.

Package atveryend Info: Empty hook `AtVeryVeryEnd' on input line 418.
 ) 
Here is how much of TeX's memory you used:
 10777 strings out of 494989
 160625 string characters out of 6180577
 251444 words of memory out of 5000000
 13591 multiletter control sequences out of 15000+600000
 55186 words of font info for 116 fonts, out of 8000000 for 9000
 36 hyphenation exceptions out of 8191
 36i,12n,39p,1151b,533s stack positions out of 5000i,500n,10000p,200000b,80000s
{/usr/share/texlive/texmf-dist/fonts/enc/dvips/base/8r.enc}</usr/share/texliv
e/texmf-dist/fonts/type1/public/amsfonts/cm/cmex10.pfb></usr/share/texlive/texm
f-dist/fonts/type1/public/amsfonts/cm/cmmi10.pfb></usr/share/texlive/texmf-dist
/fonts/type1/public/amsfonts/cm/cmr10.pfb></usr/share/texlive/texmf-dist/fonts/
type1/public/amsfonts/cm/cmsy10.pfb></usr/share/texlive/texmf-dist/fonts/type1/
public/amsfonts/symbols/msbm10.pfb></usr/share/texlive/texmf-dist/fonts/type1/u
rw/courier/ucrr8a.pfb></usr/share/texlive/texmf-dist/fonts/type1/urw/symbol/usy
r.pfb></usr/share/texlive/texmf-dist/fonts/type1/urw/symbol/usyr.pfb></usr/shar
e/texlive/texmf-dist/fonts/type1/urw/times/utmb8a.pfb></usr/share/texlive/texmf
-dist/fonts/type1/urw/times/utmr8a.pfb></usr/share/texlive/texmf-dist/fonts/typ
e1/urw/times/utmri8a.pfb>
Output written on ThesisDraft2.pdf (36 pages, 2058353 bytes).
PDF statistics:
 631 PDF objects out of 1000 (max. 8388607)
 122 named destinations out of 1000 (max. 500000)
 364 words of extra memory for PDF output out of 10000 (max. 10000000)

