\BOOKMARK [0][-]{chapter*.1}{Abstract}{}% 1
\BOOKMARK [0][-]{chapter*.2}{Preface}{}% 2
\BOOKMARK [0][-]{chapter*.3}{Table of Contents}{}% 3
\BOOKMARK [0][-]{chapter*.4}{List of Tables}{}% 4
\BOOKMARK [0][-]{chapter*.5}{List of Figures}{}% 5
\BOOKMARK [0][-]{chapter*.6}{Glossary}{}% 6
\BOOKMARK [0][-]{chapter*.7}{Acknowledgments}{}% 7
\BOOKMARK [0][-]{chapter.1}{1 Introduction}{}% 8
\BOOKMARK [1][-]{section.1.1}{1.1 What problems}{chapter.1}% 9
\BOOKMARK [1][-]{section.1.2}{1.2 Difficulties with said problems }{chapter.1}% 10
\BOOKMARK [1][-]{section.1.3}{1.3 Solutions to said difficulties}{chapter.1}% 11
\BOOKMARK [2][-]{subsection.1.3.1}{1.3.1 \040coefficients}{section.1.3}% 12
\BOOKMARK [2][-]{subsection.1.3.2}{1.3.2 Reference Models}{section.1.3}% 13
\BOOKMARK [2][-]{subsection.1.3.3}{1.3.3 Weighting matrices}{section.1.3}% 14
\BOOKMARK [2][-]{subsection.1.3.4}{1.3.4 Initial Model}{section.1.3}% 15
\BOOKMARK [2][-]{subsection.1.3.5}{1.3.5 Bounds}{section.1.3}% 16
\BOOKMARK [2][-]{subsection.1.3.6}{1.3.6 Lp Lq weights}{section.1.3}% 17
\BOOKMARK [1][-]{section.1.4}{1.4 Forms of A Priori Information}{chapter.1}% 18
\BOOKMARK [2][-]{subsection.1.4.1}{1.4.1 Bore Hole Data}{section.1.4}% 19
\BOOKMARK [2][-]{subsection.1.4.2}{1.4.2 Surface Sample Data}{section.1.4}% 20
\BOOKMARK [0][-]{chapter*.8}{Bibliography}{}% 21
\BOOKMARK [0][-]{appendix.A}{A Supporting Materials}{}% 22
